<?xml version="1.0" encoding="UTF-8"?>
<coverage generated="1627149206282" clover="3.2.0">
  <project timestamp="1627149206283" name="All files">
    <metrics statements="14" coveredstatements="14" conditionals="0" coveredconditionals="0" methods="11" coveredmethods="11" elements="25" coveredelements="25" complexity="0" loc="14" ncloc="14" packages="1" files="4" classes="4"/>
    <file name="arrays.js" path="/home/adrievelyn/Desktop/Cursos-Platzi/Comenzando-11-06-20/test-jest-exercises/arrays.js">
      <metrics statements="4" coveredstatements="4" conditionals="0" coveredconditionals="0" methods="2" coveredmethods="2"/>
      <line num="1" count="1" type="stmt"/>
      <line num="2" count="1" type="stmt"/>
      <line num="4" count="3" type="stmt"/>
      <line num="5" count="1" type="stmt"/>
    </file>
    <file name="maths.js" path="/home/adrievelyn/Desktop/Cursos-Platzi/Comenzando-11-06-20/test-jest-exercises/maths.js">
      <metrics statements="4" coveredstatements="4" conditionals="0" coveredconditionals="0" methods="4" coveredmethods="4"/>
      <line num="3" count="1" type="stmt"/>
      <line num="5" count="1" type="stmt"/>
      <line num="7" count="1" type="stmt"/>
      <line num="9" count="1" type="stmt"/>
    </file>
    <file name="numbers.js" path="/home/adrievelyn/Desktop/Cursos-Platzi/Comenzando-11-06-20/test-jest-exercises/numbers.js">
      <metrics statements="1" coveredstatements="1" conditionals="0" coveredconditionals="0" methods="1" coveredmethods="1"/>
      <line num="1" count="5" type="stmt"/>
    </file>
    <file name="true.js" path="/home/adrievelyn/Desktop/Cursos-Platzi/Comenzando-11-06-20/test-jest-exercises/true.js">
      <metrics statements="5" coveredstatements="5" conditionals="0" coveredconditionals="0" methods="4" coveredmethods="4"/>
      <line num="1" count="1" type="stmt"/>
      <line num="2" count="1" type="stmt"/>
      <line num="5" count="1" type="stmt"/>
      <line num="6" count="2" type="stmt"/>
      <line num="7" count="1" type="stmt"/>
    </file>
  </project>
</coverage>
